04-19-2017 @ 14:36:50 - ====Start Log April 19, 2017 2:36pm====
Retrieving Square Categories
====End Log April 19, 2017 2:36pm (0)====


04-19-2017 @ 14:36:51 - ====Start Log April 19, 2017 2:36pm====
Retrieving Square Categories
====End Log April 19, 2017 2:36pm (0.02)====


04-19-2017 @ 14:36:56 - ====Start Log April 19, 2017 2:36pm====
Retrieving Square Categories
====End Log April 19, 2017 2:36pm (0)====


04-19-2017 @ 14:36:57 - ====Start Log April 19, 2017 2:36pm====
Retrieving Square Categories
====End Log April 19, 2017 2:36pm (0)====


04-19-2017 @ 14:36:58 - ====Start Log April 19, 2017 2:36pm====
Retrieving Square Categories
====End Log April 19, 2017 2:36pm (0)====


04-19-2017 @ 14:37:00 - ====Start Log April 19, 2017 2:36pm====
Retrieving Square Categories
====End Log April 19, 2017 2:37pm (0.02)====


04-19-2017 @ 14:37:02 - ====Start Log April 19, 2017 2:37pm====
Retrieving Square Categories
====End Log April 19, 2017 2:37pm (0.02)====


04-19-2017 @ 14:37:04 - ====Start Log April 19, 2017 2:37pm====
Retrieving Square Categories
====End Log April 19, 2017 2:37pm (0)====


04-19-2017 @ 14:37:06 - ====Start Log April 19, 2017 2:37pm====
Retrieving Square Categories
====End Log April 19, 2017 2:37pm (0)====


04-19-2017 @ 14:37:09 - ====Start Log April 19, 2017 2:37pm====
Retrieving Square Categories
====End Log April 19, 2017 2:37pm (0.02)====


04-19-2017 @ 14:37:14 - ====Start Log April 19, 2017 2:37pm====
Retrieving Square Categories
====End Log April 19, 2017 2:37pm (0.07)====


04-19-2017 @ 14:37:16 - ====Start Log April 19, 2017 2:37pm====
Retrieving Square Categories
====End Log April 19, 2017 2:37pm (0.02)====


04-19-2017 @ 14:37:19 - ====Start Log April 19, 2017 2:37pm====
Retrieving Square Categories
====End Log April 19, 2017 2:37pm (0)====


04-19-2017 @ 14:37:22 - ====Start Log April 19, 2017 2:37pm====
Retrieving Square Categories
====End Log April 19, 2017 2:37pm (0.02)====


04-19-2017 @ 14:37:25 - ====Start Log April 19, 2017 2:37pm====
Retrieving Square Categories
====End Log April 19, 2017 2:37pm (0)====


04-19-2017 @ 14:37:26 - ====Start Log April 19, 2017 2:37pm====
Retrieving Square Categories
====End Log April 19, 2017 2:37pm (0)====


04-19-2017 @ 14:37:29 - ====Start Log April 19, 2017 2:37pm====
Retrieving Square Categories
====End Log April 19, 2017 2:37pm (0.03)====


04-19-2017 @ 14:37:31 - ====Start Log April 19, 2017 2:37pm====
Retrieving Square Categories
====End Log April 19, 2017 2:37pm (0)====


04-19-2017 @ 14:37:34 - ====Start Log April 19, 2017 2:37pm====
Retrieving Square Categories
====End Log April 19, 2017 2:37pm (0)====


04-19-2017 @ 14:37:35 - ====Start Log April 19, 2017 2:37pm====
Retrieving Square Categories
====End Log April 19, 2017 2:37pm (0)====


04-19-2017 @ 14:37:37 - ====Start Log April 19, 2017 2:37pm====
Retrieving Square Categories
====End Log April 19, 2017 2:37pm (0.02)====


04-19-2017 @ 14:37:37 - ====Start Log April 19, 2017 2:37pm====
Retrieving Square Categories
====End Log April 19, 2017 2:37pm (0)====


04-19-2017 @ 14:37:44 - ====Start Log April 19, 2017 2:37pm====
Retrieving Square Categories
====End Log April 19, 2017 2:37pm (0.02)====


04-19-2017 @ 14:37:44 - ====Start Log April 19, 2017 2:37pm====
Retrieving Square Categories
====End Log April 19, 2017 2:37pm (0)====


04-19-2017 @ 14:37:53 - ====Start Log April 19, 2017 2:37pm====
Retrieving Square Categories
====End Log April 19, 2017 2:37pm (0.02)====


04-19-2017 @ 14:38:21 - ====Start Log April 19, 2017 2:38pm====
Retrieving Products
====End Log April 19, 2017 2:38pm (0.07)====


04-19-2017 @ 14:38:22 - ====Start Log April 19, 2017 2:38pm====
Retrieving a Square Product for: c8744c74-1038-44d8-9824-97d2be97fb56
====End Log April 19, 2017 2:38pm (0.02)====


04-19-2017 @ 14:38:23 - ====Start Log April 19, 2017 2:38pm====
Updating a Square Base Product for: c8744c74-1038-44d8-9824-97d2be97fb56
====End Log April 19, 2017 2:38pm (0.02)====


04-19-2017 @ 14:38:23 - ====Start Log April 19, 2017 2:38pm====
Creating a Square Product Variation for: c8744c74-1038-44d8-9824-97d2be97fb56
====End Log April 19, 2017 2:38pm (0)====


04-19-2017 @ 14:38:24 - ====Start Log April 19, 2017 2:38pm====
Getting All Square Inventory
====End Log April 19, 2017 2:38pm (0.02)====


04-19-2017 @ 14:38:27 - ====Start Log April 19, 2017 2:38pm====
Updating Square Item Image for: c8744c74-1038-44d8-9824-97d2be97fb56
====End Log April 19, 2017 2:38pm (0.05)====


04-19-2017 @ 15:00:42 - ====Start Log April 19, 2017 3:00pm====
Getting All Square Inventory
====End Log April 19, 2017 3:00pm (0.02)====


04-19-2017 @ 15:00:43 - ====Start Log April 19, 2017 3:00pm====
Creating Square Base Product from: 1736
====End Log April 19, 2017 3:00pm (0.02)====


04-19-2017 @ 15:00:46 - ====Start Log April 19, 2017 3:00pm====
Updating Square Item Image for: c6749c6d-bf49-4c2e-8f0a-c2a62d4de782
====End Log April 19, 2017 3:00pm (0.05)====


04-25-2017 @ 14:16:44 - ====Start Log April 25, 2017 2:16pm====
Getting All Square Inventory
====End Log April 25, 2017 2:16pm (0.02)====


04-25-2017 @ 14:16:46 - ====Start Log April 25, 2017 2:16pm====
Retrieving Products
====End Log April 25, 2017 2:16pm (0.03)====


04-25-2017 @ 14:16:46 - ====Start Log April 25, 2017 2:16pm====
Creating Square Base Product from: 1477
====End Log April 25, 2017 2:16pm (0)====


04-25-2017 @ 14:16:50 - ====Start Log April 25, 2017 2:16pm====
Updating Square Item Image for: 3414b7ae-754f-421a-a3fa-0ec2be65b753
====End Log April 25, 2017 2:16pm (0.07)====


05-08-2017 @ 11:05:42 - ====Start Log May 8, 2017 11:05am====
Retrieving a Square Product for: ff510c08-9f87-4d21-bc9f-b51ecf3a6bd6
====End Log May 8, 2017 11:05am (0)====


05-08-2017 @ 11:05:42 - ====Start Log May 8, 2017 11:05am====
Retrying with new refreshed token
====End Log May 8, 2017 11:05am (0)====


05-08-2017 @ 11:05:43 - ====Start Log May 8, 2017 11:05am====
Retrieving a Square Product for: ff510c08-9f87-4d21-bc9f-b51ecf3a6bd6
====End Log May 8, 2017 11:05am (0.02)====


05-08-2017 @ 11:05:44 - ====Start Log May 8, 2017 11:05am====
Updating a Square Base Product for: ff510c08-9f87-4d21-bc9f-b51ecf3a6bd6
====End Log May 8, 2017 11:05am (0.02)====


05-08-2017 @ 11:05:46 - ====Start Log May 8, 2017 11:05am====
Updating a Square Product Variation for: 428919a4-5a8f-4a63-a834-7144a64900f1
====End Log May 8, 2017 11:05am (0.03)====


05-08-2017 @ 11:05:46 - ====Start Log May 8, 2017 11:05am====
Updating a Square Product Variation for: aa0464c3-4938-4072-849c-7a770ebade55
====End Log May 8, 2017 11:05am (0)====


05-08-2017 @ 11:05:47 - ====Start Log May 8, 2017 11:05am====
Updating a Square Product Variation for: d4ca000a-0a73-4736-995a-40cb1927d5c8
====End Log May 8, 2017 11:05am (0.02)====


05-08-2017 @ 11:05:48 - ====Start Log May 8, 2017 11:05am====
Updating a Square Product Variation for: 55baef5c-7659-476d-aedd-2dedc7ee9ada
====End Log May 8, 2017 11:05am (0.02)====


05-08-2017 @ 11:05:49 - ====Start Log May 8, 2017 11:05am====
Updating a Square Product Variation for: c3f85647-4335-4da5-9012-8fad3a78c765
====End Log May 8, 2017 11:05am (0.02)====


05-08-2017 @ 11:05:49 - ====Start Log May 8, 2017 11:05am====
Updating a Square Product Variation for: f475ebab-4a87-47d3-9d51-132a2d13f481
====End Log May 8, 2017 11:05am (0)====


05-08-2017 @ 11:05:50 - ====Start Log May 8, 2017 11:05am====
Updating a Square Product Variation for: 92b70b29-9c90-4915-a333-44c0624dabda
====End Log May 8, 2017 11:05am (0.02)====


05-08-2017 @ 11:05:51 - ====Start Log May 8, 2017 11:05am====
Updating a Square Product Variation for: ee6015a1-a46f-474b-b06d-ca64366fde66
====End Log May 8, 2017 11:05am (0.02)====


05-08-2017 @ 11:05:52 - ====Start Log May 8, 2017 11:05am====
Updating a Square Product Variation for: 01a3775b-befd-49f8-b1c6-be36e1835332
====End Log May 8, 2017 11:05am (0.02)====


05-08-2017 @ 11:05:53 - ====Start Log May 8, 2017 11:05am====
Updating a Square Product Variation for: 32e7e6b4-cc16-4112-9145-edd387681f87
====End Log May 8, 2017 11:05am (0.02)====


05-08-2017 @ 11:05:53 - ====Start Log May 8, 2017 11:05am====
Updating a Square Product Variation for: b8a2dd24-5edd-424e-a559-515f6100e8fe
====End Log May 8, 2017 11:05am (0)====


05-08-2017 @ 11:05:58 - ====Start Log May 8, 2017 11:05am====
Getting All Square Inventory
====End Log May 8, 2017 11:05am (0.08)====


05-08-2017 @ 11:06:01 - ====Start Log May 8, 2017 11:05am====
Updating Square Item Image for: ff510c08-9f87-4d21-bc9f-b51ecf3a6bd6
====End Log May 8, 2017 11:06am (0.05)====


05-08-2017 @ 11:06:56 - ====Start Log May 8, 2017 11:06am====
Getting All Square Inventory
====End Log May 8, 2017 11:06am (0)====


05-08-2017 @ 11:06:59 - ====Start Log May 8, 2017 11:06am====
Retrieving Products
====End Log May 8, 2017 11:06am (0.05)====


05-08-2017 @ 11:06:59 - ====Start Log May 8, 2017 11:06am====
Creating Square Base Product from: 1729
====End Log May 8, 2017 11:06am (0)====


05-08-2017 @ 11:07:03 - ====Start Log May 8, 2017 11:06am====
Updating Square Item Image for: d0fd8d4f-3672-42e5-ac19-3ddde317dc1e
====End Log May 8, 2017 11:07am (0.07)====


05-08-2017 @ 11:12:05 - ====Start Log May 8, 2017 11:12am====
Retrieving a Square Product for: ff510c08-9f87-4d21-bc9f-b51ecf3a6bd6
====End Log May 8, 2017 11:12am (0)====


05-08-2017 @ 11:12:06 - ====Start Log May 8, 2017 11:12am====
Updating a Square Base Product for: ff510c08-9f87-4d21-bc9f-b51ecf3a6bd6
====End Log May 8, 2017 11:12am (0.02)====


05-08-2017 @ 11:12:07 - ====Start Log May 8, 2017 11:12am====
Updating a Square Product Variation for: 428919a4-5a8f-4a63-a834-7144a64900f1
====End Log May 8, 2017 11:12am (0.02)====


05-08-2017 @ 11:12:08 - ====Start Log May 8, 2017 11:12am====
Updating a Square Product Variation for: aa0464c3-4938-4072-849c-7a770ebade55
====End Log May 8, 2017 11:12am (0.02)====


05-08-2017 @ 11:12:08 - ====Start Log May 8, 2017 11:12am====
Updating a Square Product Variation for: d4ca000a-0a73-4736-995a-40cb1927d5c8
====End Log May 8, 2017 11:12am (0)====


05-08-2017 @ 11:12:09 - ====Start Log May 8, 2017 11:12am====
Updating a Square Product Variation for: 55baef5c-7659-476d-aedd-2dedc7ee9ada
====End Log May 8, 2017 11:12am (0.02)====


05-08-2017 @ 11:12:10 - ====Start Log May 8, 2017 11:12am====
Updating a Square Product Variation for: c3f85647-4335-4da5-9012-8fad3a78c765
====End Log May 8, 2017 11:12am (0.02)====


05-08-2017 @ 11:12:11 - ====Start Log May 8, 2017 11:12am====
Updating a Square Product Variation for: f475ebab-4a87-47d3-9d51-132a2d13f481
====End Log May 8, 2017 11:12am (0.02)====


05-08-2017 @ 11:12:11 - ====Start Log May 8, 2017 11:12am====
Updating a Square Product Variation for: 92b70b29-9c90-4915-a333-44c0624dabda
====End Log May 8, 2017 11:12am (0)====


05-08-2017 @ 11:12:12 - ====Start Log May 8, 2017 11:12am====
Updating a Square Product Variation for: ee6015a1-a46f-474b-b06d-ca64366fde66
====End Log May 8, 2017 11:12am (0.02)====


05-08-2017 @ 11:12:13 - ====Start Log May 8, 2017 11:12am====
Updating a Square Product Variation for: 01a3775b-befd-49f8-b1c6-be36e1835332
====End Log May 8, 2017 11:12am (0.02)====


05-08-2017 @ 11:12:14 - ====Start Log May 8, 2017 11:12am====
Updating a Square Product Variation for: 32e7e6b4-cc16-4112-9145-edd387681f87
====End Log May 8, 2017 11:12am (0.02)====


05-08-2017 @ 11:12:14 - ====Start Log May 8, 2017 11:12am====
Updating a Square Product Variation for: b8a2dd24-5edd-424e-a559-515f6100e8fe
====End Log May 8, 2017 11:12am (0)====


05-08-2017 @ 11:12:15 - ====Start Log May 8, 2017 11:12am====
Getting All Square Inventory
====End Log May 8, 2017 11:12am (0.02)====


05-08-2017 @ 11:12:18 - ====Start Log May 8, 2017 11:12am====
Updating Square Item Image for: ff510c08-9f87-4d21-bc9f-b51ecf3a6bd6
====End Log May 8, 2017 11:12am (0.05)====


05-08-2017 @ 11:49:38 - ====Start Log May 8, 2017 11:49am====
Retrieving a Square Product for: ff510c08-9f87-4d21-bc9f-b51ecf3a6bd6
====End Log May 8, 2017 11:49am (0.02)====


05-08-2017 @ 11:49:39 - ====Start Log May 8, 2017 11:49am====
Updating a Square Base Product for: ff510c08-9f87-4d21-bc9f-b51ecf3a6bd6
====End Log May 8, 2017 11:49am (0.02)====


05-08-2017 @ 11:49:39 - ====Start Log May 8, 2017 11:49am====
Updating a Square Product Variation for: 428919a4-5a8f-4a63-a834-7144a64900f1
====End Log May 8, 2017 11:49am (0)====


05-08-2017 @ 11:49:40 - ====Start Log May 8, 2017 11:49am====
Updating a Square Product Variation for: aa0464c3-4938-4072-849c-7a770ebade55
====End Log May 8, 2017 11:49am (0.02)====


05-08-2017 @ 11:49:40 - ====Start Log May 8, 2017 11:49am====
Updating a Square Product Variation for: d4ca000a-0a73-4736-995a-40cb1927d5c8
====End Log May 8, 2017 11:49am (0)====


05-08-2017 @ 11:49:41 - ====Start Log May 8, 2017 11:49am====
Updating a Square Product Variation for: 55baef5c-7659-476d-aedd-2dedc7ee9ada
====End Log May 8, 2017 11:49am (0.02)====


05-08-2017 @ 11:49:42 - ====Start Log May 8, 2017 11:49am====
Updating a Square Product Variation for: c3f85647-4335-4da5-9012-8fad3a78c765
====End Log May 8, 2017 11:49am (0.02)====


05-08-2017 @ 11:49:42 - ====Start Log May 8, 2017 11:49am====
Updating a Square Product Variation for: f475ebab-4a87-47d3-9d51-132a2d13f481
====End Log May 8, 2017 11:49am (0)====


05-08-2017 @ 11:49:43 - ====Start Log May 8, 2017 11:49am====
Updating a Square Product Variation for: 92b70b29-9c90-4915-a333-44c0624dabda
====End Log May 8, 2017 11:49am (0.02)====


05-08-2017 @ 11:49:44 - ====Start Log May 8, 2017 11:49am====
Updating a Square Product Variation for: ee6015a1-a46f-474b-b06d-ca64366fde66
====End Log May 8, 2017 11:49am (0.02)====


05-08-2017 @ 11:49:44 - ====Start Log May 8, 2017 11:49am====
Updating a Square Product Variation for: 01a3775b-befd-49f8-b1c6-be36e1835332
====End Log May 8, 2017 11:49am (0)====


05-08-2017 @ 11:49:45 - ====Start Log May 8, 2017 11:49am====
Updating a Square Product Variation for: 32e7e6b4-cc16-4112-9145-edd387681f87
====End Log May 8, 2017 11:49am (0.02)====


05-08-2017 @ 11:49:46 - ====Start Log May 8, 2017 11:49am====
Updating a Square Product Variation for: b8a2dd24-5edd-424e-a559-515f6100e8fe
====End Log May 8, 2017 11:49am (0.02)====


05-08-2017 @ 11:49:50 - ====Start Log May 8, 2017 11:49am====
Getting All Square Inventory
====End Log May 8, 2017 11:49am (0.07)====


05-08-2017 @ 11:49:53 - ====Start Log May 8, 2017 11:49am====
Updating Square Item Image for: ff510c08-9f87-4d21-bc9f-b51ecf3a6bd6
====End Log May 8, 2017 11:49am (0.05)====


05-08-2017 @ 12:46:27 - ====Start Log May 8, 2017 12:46pm====
Retrieving a Square Product for: c8744c74-1038-44d8-9824-97d2be97fb56
====End Log May 8, 2017 12:46pm (0)====


05-08-2017 @ 12:46:28 - ====Start Log May 8, 2017 12:46pm====
Updating a Square Base Product for: c8744c74-1038-44d8-9824-97d2be97fb56
====End Log May 8, 2017 12:46pm (0.02)====


05-08-2017 @ 12:46:29 - ====Start Log May 8, 2017 12:46pm====
Updating a Square Product Variation for: 16b2cfc2-9c5a-4ba3-896a-ebd76e620394
====End Log May 8, 2017 12:46pm (0.02)====


05-08-2017 @ 12:46:30 - ====Start Log May 8, 2017 12:46pm====
Getting All Square Inventory
====End Log May 8, 2017 12:46pm (0.02)====


05-08-2017 @ 12:46:33 - ====Start Log May 8, 2017 12:46pm====
Updating Square Item Image for: c8744c74-1038-44d8-9824-97d2be97fb56
====End Log May 8, 2017 12:46pm (0.05)====


05-08-2017 @ 12:58:48 - ====Start Log May 8, 2017 12:58pm====
Retrieving a Square Product for: c8744c74-1038-44d8-9824-97d2be97fb56
====End Log May 8, 2017 12:58pm (0)====


05-08-2017 @ 12:58:49 - ====Start Log May 8, 2017 12:58pm====
Updating a Square Base Product for: c8744c74-1038-44d8-9824-97d2be97fb56
====End Log May 8, 2017 12:58pm (0.02)====


05-08-2017 @ 12:58:50 - ====Start Log May 8, 2017 12:58pm====
Updating a Square Product Variation for: 16b2cfc2-9c5a-4ba3-896a-ebd76e620394
====End Log May 8, 2017 12:58pm (0.02)====


05-08-2017 @ 12:58:50 - ====Start Log May 8, 2017 12:58pm====
Getting All Square Inventory
====End Log May 8, 2017 12:58pm (0)====


05-08-2017 @ 12:58:53 - ====Start Log May 8, 2017 12:58pm====
Updating Square Item Image for: c8744c74-1038-44d8-9824-97d2be97fb56
====End Log May 8, 2017 12:58pm (0.05)====


05-09-2017 @ 11:08:27 - ====Start Log May 9, 2017 11:08am====
Retrieving a Square Product for: c8744c74-1038-44d8-9824-97d2be97fb56
====End Log May 9, 2017 11:08am (0.02)====


05-09-2017 @ 11:08:28 - ====Start Log May 9, 2017 11:08am====
Updating a Square Base Product for: c8744c74-1038-44d8-9824-97d2be97fb56
====End Log May 9, 2017 11:08am (0.02)====


05-09-2017 @ 11:08:28 - ====Start Log May 9, 2017 11:08am====
Updating a Square Product Variation for: 16b2cfc2-9c5a-4ba3-896a-ebd76e620394
====End Log May 9, 2017 11:08am (0)====


05-09-2017 @ 11:08:29 - ====Start Log May 9, 2017 11:08am====
Getting All Square Inventory
====End Log May 9, 2017 11:08am (0.02)====


05-09-2017 @ 11:08:32 - ====Start Log May 9, 2017 11:08am====
Updating Square Item Image for: c8744c74-1038-44d8-9824-97d2be97fb56
====End Log May 9, 2017 11:08am (0.05)====


05-09-2017 @ 11:41:02 - ====Start Log May 9, 2017 11:41am====
Retrieving a Square Product for: c8744c74-1038-44d8-9824-97d2be97fb56
====End Log May 9, 2017 11:41am (0)====


05-09-2017 @ 11:41:03 - ====Start Log May 9, 2017 11:41am====
Retrying with new refreshed token
====End Log May 9, 2017 11:41am (0.02)====


05-09-2017 @ 11:41:03 - ====Start Log May 9, 2017 11:41am====
Retrieving a Square Product for: c8744c74-1038-44d8-9824-97d2be97fb56
====End Log May 9, 2017 11:41am (0)====


05-09-2017 @ 11:41:04 - ====Start Log May 9, 2017 11:41am====
Updating a Square Base Product for: c8744c74-1038-44d8-9824-97d2be97fb56
====End Log May 9, 2017 11:41am (0.02)====


05-09-2017 @ 11:41:05 - ====Start Log May 9, 2017 11:41am====
Updating a Square Product Variation for: 16b2cfc2-9c5a-4ba3-896a-ebd76e620394
====End Log May 9, 2017 11:41am (0.02)====


05-09-2017 @ 11:41:05 - ====Start Log May 9, 2017 11:41am====
Getting All Square Inventory
====End Log May 9, 2017 11:41am (0)====


05-09-2017 @ 11:41:08 - ====Start Log May 9, 2017 11:41am====
Updating Square Item Image for: c8744c74-1038-44d8-9824-97d2be97fb56
====End Log May 9, 2017 11:41am (0.05)====


05-25-2017 @ 10:18:53 - ====Start Log May 25, 2017 10:18am====
Get Transaction
====End Log May 25, 2017 10:18am (0)====


06-07-2017 @ 13:46:09 - ====Start Log June 7, 2017 1:46pm====
Getting All Square Inventory
====End Log June 7, 2017 1:46pm (0.02)====


06-07-2017 @ 13:46:10 - ====Start Log June 7, 2017 1:46pm====
Getting All Square Inventory
====End Log June 7, 2017 1:46pm (0.02)====


06-07-2017 @ 13:46:15 - ====Start Log June 7, 2017 1:46pm====
Getting All Square Inventory
====End Log June 7, 2017 1:46pm (0.08)====


06-07-2017 @ 13:46:16 - ====Start Log June 7, 2017 1:46pm====
Getting All Square Inventory
====End Log June 7, 2017 1:46pm (0.02)====


06-07-2017 @ 13:46:17 - ====Start Log June 7, 2017 1:46pm====
Getting All Square Inventory
====End Log June 7, 2017 1:46pm (0.02)====


06-07-2017 @ 13:46:18 - ====Start Log June 7, 2017 1:46pm====
Getting All Square Inventory
====End Log June 7, 2017 1:46pm (0.02)====


06-07-2017 @ 13:46:19 - ====Start Log June 7, 2017 1:46pm====
Getting All Square Inventory
====End Log June 7, 2017 1:46pm (0.02)====


06-07-2017 @ 13:46:19 - ====Start Log June 7, 2017 1:46pm====
Getting All Square Inventory
====End Log June 7, 2017 1:46pm (0)====


06-07-2017 @ 13:46:20 - ====Start Log June 7, 2017 1:46pm====
Getting All Square Inventory
====End Log June 7, 2017 1:46pm (0.02)====


06-07-2017 @ 13:46:21 - ====Start Log June 7, 2017 1:46pm====
Getting All Square Inventory
====End Log June 7, 2017 1:46pm (0.02)====


06-07-2017 @ 13:46:21 - ====Start Log June 7, 2017 1:46pm====
Getting All Square Inventory
====End Log June 7, 2017 1:46pm (0)====


06-07-2017 @ 13:46:48 - ====Start Log June 7, 2017 1:46pm====
Getting All Square Inventory
====End Log June 7, 2017 1:46pm (0.03)====


06-07-2017 @ 13:46:49 - ====Start Log June 7, 2017 1:46pm====
Getting All Square Inventory
====End Log June 7, 2017 1:46pm (0.02)====


06-07-2017 @ 13:46:50 - ====Start Log June 7, 2017 1:46pm====
Getting All Square Inventory
====End Log June 7, 2017 1:46pm (0.02)====


06-07-2017 @ 13:46:51 - ====Start Log June 7, 2017 1:46pm====
Getting All Square Inventory
====End Log June 7, 2017 1:46pm (0.02)====


06-07-2017 @ 13:46:52 - ====Start Log June 7, 2017 1:46pm====
Getting All Square Inventory
====End Log June 7, 2017 1:46pm (0.02)====


06-07-2017 @ 13:46:53 - ====Start Log June 7, 2017 1:46pm====
Getting All Square Inventory
====End Log June 7, 2017 1:46pm (0.02)====


06-07-2017 @ 13:46:54 - ====Start Log June 7, 2017 1:46pm====
Getting All Square Inventory
====End Log June 7, 2017 1:46pm (0.02)====


06-07-2017 @ 13:46:54 - ====Start Log June 7, 2017 1:46pm====
Getting All Square Inventory
====End Log June 7, 2017 1:46pm (0)====


06-07-2017 @ 13:46:55 - ====Start Log June 7, 2017 1:46pm====
Getting All Square Inventory
====End Log June 7, 2017 1:46pm (0)====


06-07-2017 @ 13:46:56 - ====Start Log June 7, 2017 1:46pm====
Getting All Square Inventory
====End Log June 7, 2017 1:46pm (0.02)====


06-07-2017 @ 13:46:57 - ====Start Log June 7, 2017 1:46pm====
Getting All Square Inventory
====End Log June 7, 2017 1:46pm (0.02)====


06-07-2017 @ 13:46:57 - ====Start Log June 7, 2017 1:46pm====
Getting All Square Inventory
====End Log June 7, 2017 1:46pm (0)====


06-07-2017 @ 13:46:58 - ====Start Log June 7, 2017 1:46pm====
Getting All Square Inventory
====End Log June 7, 2017 1:46pm (0)====


06-07-2017 @ 13:46:59 - ====Start Log June 7, 2017 1:46pm====
Getting All Square Inventory
====End Log June 7, 2017 1:46pm (0.02)====


06-07-2017 @ 13:46:59 - ====Start Log June 7, 2017 1:46pm====
Getting All Square Inventory
====End Log June 7, 2017 1:46pm (0)====


06-07-2017 @ 13:47:00 - ====Start Log June 7, 2017 1:47pm====
Getting All Square Inventory
====End Log June 7, 2017 1:47pm (0)====


06-07-2017 @ 13:47:01 - ====Start Log June 7, 2017 1:47pm====
Getting All Square Inventory
====End Log June 7, 2017 1:47pm (0.02)====


06-07-2017 @ 13:47:02 - ====Start Log June 7, 2017 1:47pm====
Getting All Square Inventory
====End Log June 7, 2017 1:47pm (0.02)====


06-07-2017 @ 13:47:02 - ====Start Log June 7, 2017 1:47pm====
Getting All Square Inventory
====End Log June 7, 2017 1:47pm (0)====


06-07-2017 @ 13:47:04 - ====Start Log June 7, 2017 1:47pm====
Getting All Square Inventory
====End Log June 7, 2017 1:47pm (0.03)====


06-07-2017 @ 13:47:06 - ====Start Log June 7, 2017 1:47pm====
Getting All Square Inventory
====End Log June 7, 2017 1:47pm (0.03)====


06-07-2017 @ 13:47:08 - ====Start Log June 7, 2017 1:47pm====
Getting All Square Inventory
====End Log June 7, 2017 1:47pm (0.03)====


06-07-2017 @ 13:47:09 - ====Start Log June 7, 2017 1:47pm====
Getting All Square Inventory
====End Log June 7, 2017 1:47pm (0.02)====


06-07-2017 @ 13:47:09 - ====Start Log June 7, 2017 1:47pm====
Getting All Square Inventory
====End Log June 7, 2017 1:47pm (0)====


06-07-2017 @ 13:47:10 - ====Start Log June 7, 2017 1:47pm====
Getting All Square Inventory
====End Log June 7, 2017 1:47pm (0)====


06-07-2017 @ 13:47:15 - ====Start Log June 7, 2017 1:47pm====
Getting All Square Inventory
====End Log June 7, 2017 1:47pm (0.08)====


06-07-2017 @ 13:47:18 - ====Start Log June 7, 2017 1:47pm====
Getting All Square Inventory
====End Log June 7, 2017 1:47pm (0.05)====


06-07-2017 @ 13:47:18 - ====Start Log June 7, 2017 1:47pm====
Getting All Square Inventory
====End Log June 7, 2017 1:47pm (0)====


06-07-2017 @ 13:47:19 - ====Start Log June 7, 2017 1:47pm====
Getting All Square Inventory
====End Log June 7, 2017 1:47pm (0.02)====


06-07-2017 @ 13:47:20 - ====Start Log June 7, 2017 1:47pm====
Getting All Square Inventory
====End Log June 7, 2017 1:47pm (0.02)====


